<?xml version="1.0" encoding="UTF-8"?>
<testng-results skipped="0" failed="0" ignored="0" total="1" passed="1">
  <reporter-output>
  </reporter-output>
  <suite name="Default suite" duration-ms="51471" started-at="2021-08-23T21:51:21 IST" finished-at="2021-08-23T21:52:13 IST">
    <groups>
    </groups>
    <test name="Default test" duration-ms="51471" started-at="2021-08-23T21:51:21 IST" finished-at="2021-08-23T21:52:13 IST">
      <class name="QLS.HomepageTest">
        <test-method status="PASS" signature="Search()[pri:0, instance:QLS.HomepageTest@6e0e048a]" name="Search" duration-ms="51429" started-at="2021-08-23T21:51:21 IST" finished-at="2021-08-23T21:52:13 IST">
          <reporter-output>
          </reporter-output>
        </test-method> <!-- Search -->
      </class> <!-- QLS.HomepageTest -->
    </test> <!-- Default test -->
  </suite> <!-- Default suite -->
</testng-results>
